** [Honeybadger] Unable to start Honeybadger -- api_key is missing or invalid. level=2 pid=19889
** [Honeybadger] Unable to start Honeybadger -- api_key is missing or invalid. level=2 pid=19903
** [Honeybadger] Unable to start Honeybadger -- api_key is missing or invalid. level=2 pid=19924
** [Honeybadger] Unable to start Honeybadger -- api_key is missing or invalid. level=2 pid=19946
** [Honeybadger] Unable to start Honeybadger -- api_key is missing or invalid. level=2 pid=19969
  [1m[35m (3.0ms)[0m  [1m[35mCREATE TABLE "schema_migrations" ("version" character varying PRIMARY KEY)[0m
  [1m[35m (2.0ms)[0m  [1m[35mCREATE TABLE "ar_internal_metadata" ("key" character varying PRIMARY KEY, "value" character varying, "created_at" timestamp NOT NULL, "updated_at" timestamp NOT NULL)[0m
  [1m[35m (0.1ms)[0m  [1m[34mSELECT pg_try_advisory_lock(5277929974492897470);[0m
  [1m[36mActiveRecord::SchemaMigration Load (0.4ms)[0m  [1m[34mSELECT "schema_migrations".* FROM "schema_migrations"[0m
Migrating to CreateDelayedJobs (20160721024700)
  [1m[35m (0.1ms)[0m  [1m[35mBEGIN[0m
DEPRECATION WARNING: Directly inheriting from ActiveRecord::Migration is deprecated. Please specify the Rails release the migration was written for:

  class CreateDelayedJobs < ActiveRecord::Migration[4.2] (called from load at /Users/rcookla/.rbenv/versions/2.3.1/bin/rake:22)
  [1m[35m (3.2ms)[0m  [1m[35mCREATE TABLE "delayed_jobs" ("id" serial primary key, "priority" integer DEFAULT 0 NOT NULL, "attempts" integer DEFAULT 0 NOT NULL, "handler" text NOT NULL, "last_error" text, "run_at" timestamp, "locked_at" timestamp, "failed_at" timestamp, "locked_by" character varying, "queue" character varying, "created_at" timestamp, "updated_at" timestamp)[0m
  [1m[35m (1.0ms)[0m  [1m[35mCREATE  INDEX  "delayed_jobs_priority" ON "delayed_jobs"  ("priority", "run_at")[0m
  [1m[35mSQL (0.3ms)[0m  [1m[32mINSERT INTO "schema_migrations" ("version") VALUES ($1) RETURNING "version"[0m  [["version", "20160721024700"]]
  [1m[35m (0.3ms)[0m  [1m[35mCOMMIT[0m
  [1m[36mActiveRecord::InternalMetadata Load (0.3ms)[0m  [1m[34mSELECT  "ar_internal_metadata".* FROM "ar_internal_metadata" WHERE "ar_internal_metadata"."key" = $1 LIMIT $2[0m  [["key", :environment], ["LIMIT", 1]]
  [1m[35m (0.1ms)[0m  [1m[35mBEGIN[0m
  [1m[35mSQL (0.2ms)[0m  [1m[32mINSERT INTO "ar_internal_metadata" ("key", "value", "created_at", "updated_at") VALUES ($1, $2, $3, $4) RETURNING "key"[0m  [["key", "environment"], ["value", "development"], ["created_at", 2016-07-21 02:47:06 UTC], ["updated_at", 2016-07-21 02:47:06 UTC]]
  [1m[35m (0.3ms)[0m  [1m[35mCOMMIT[0m
  [1m[35m (0.1ms)[0m  [1m[34mSELECT pg_advisory_unlock(5277929974492897470)[0m
  [1m[36mActiveRecord::SchemaMigration Load (0.1ms)[0m  [1m[34mSELECT "schema_migrations".* FROM "schema_migrations"[0m
  [1m[35m (1.6ms)[0m  [1m[34mSELECT t2.oid::regclass::text AS to_table, a1.attname AS column, a2.attname AS primary_key, c.conname AS name, c.confupdtype AS on_update, c.confdeltype AS on_delete
FROM pg_constraint c
JOIN pg_class t1 ON c.conrelid = t1.oid
JOIN pg_class t2 ON c.confrelid = t2.oid
JOIN pg_attribute a1 ON a1.attnum = c.conkey[1] AND a1.attrelid = t1.oid
JOIN pg_attribute a2 ON a2.attnum = c.confkey[1] AND a2.attrelid = t2.oid
JOIN pg_namespace t3 ON c.connamespace = t3.oid
WHERE c.contype = 'f'
  AND t1.relname = 'delayed_jobs'
  AND t3.nspname = ANY (current_schemas(false))
ORDER BY c.conname
[0m
** [Honeybadger] Unable to start Honeybadger -- api_key is missing or invalid. level=2 pid=20013
** [Honeybadger] Unable to start Honeybadger -- api_key is missing or invalid. level=2 pid=20036
** [Honeybadger] Unable to start Honeybadger -- api_key is missing or invalid. level=2 pid=20081
